<?xml version="1.0" encoding="UTF-8"?>
<!-- Generated by org.testng.reporters.JUnitReportReporter -->
<testsuite hostname="LAPTOP-FB173B5U" failures="0" tests="1" name="testCases.TC01_AccountRegistrationTest" time="20.288" errors="0" timestamp="2024-09-23T11:16:02 IST" skipped="0">
  <testcase classname="testCases.TC01_AccountRegistrationTest" name="verify_account_registration" time="20.288"/>
</testsuite> <!-- testCases.TC01_AccountRegistrationTest -->
