<?xml version="1.0" encoding="UTF-8"?>
<!-- Generated by org.testng.reporters.JUnitReportReporter -->
<testsuite hostname="LAPTOP-FB173B5U" failures="0" tests="1" name="testCases.Account_verify" time="11.434" errors="0" timestamp="2024-09-17T12:23:09 IST" skipped="0">
  <testcase classname="testCases.Account_verify" name="verify_account_registration" time="11.434"/>
</testsuite> <!-- testCases.Account_verify -->
