<?xml version="1.0" encoding="UTF-8"?>
<!-- Generated by org.testng.reporters.JUnitReportReporter -->
<testsuite hostname="LAPTOP-FB173B5U" failures="0" tests="1" name="testCases.TC01_LoginTest" time="24.489" errors="0" timestamp="2024-09-23T12:12:32 IST" skipped="0">
  <testcase classname="testCases.TC01_LoginTest" name="verify_login" time="24.489"/>
</testsuite> <!-- testCases.TC01_LoginTest -->
